<?xml version="1.0" encoding="UTF-8"?>
<testng-results ignored="0" total="2" passed="2" failed="0" skipped="0">
  <reporter-output>
  </reporter-output>
  <suite started-at="2020-04-18T04:08:23Z" name="Default suite" finished-at="2020-04-18T04:08:25Z" duration-ms="2329">
    <groups>
    </groups>
    <test started-at="2020-04-18T04:08:23Z" name="Default test" finished-at="2020-04-18T04:08:25Z" duration-ms="2329">
      <class name="jsonBlobApi.tests">
        <test-method signature="testBlogPost()[pri:0, instance:jsonBlobApi.tests@3bd82cf5]" started-at="2020-04-18T04:08:23Z" name="testBlogPost" finished-at="2020-04-18T04:08:24Z" duration-ms="1539" status="PASS">
          <reporter-output>
          </reporter-output>
        </test-method> <!-- testBlogPost -->
        <test-method signature="testBlogUpdateAndDelete()[pri:0, instance:jsonBlobApi.tests@3bd82cf5]" started-at="2020-04-18T04:08:24Z" name="testBlogUpdateAndDelete" finished-at="2020-04-18T04:08:25Z" duration-ms="769" status="PASS">
          <reporter-output>
          </reporter-output>
        </test-method> <!-- testBlogUpdateAndDelete -->
      </class> <!-- jsonBlobApi.tests -->
    </test> <!-- Default test -->
  </suite> <!-- Default suite -->
</testng-results>
